<?xml version="1.0" encoding="UTF-8"?>
<!-- Generated by org.testng.reporters.JUnitReportReporter -->
<testsuite hostname="rafal" name="LivePageCheckEmailSubmit" tests="1" failures="0" timestamp="6 Jul 2015 18:18:24 GMT" time="3.438" errors="0">
  <testcase name="test" time="3.438" classname="LivePageCheckEmailSubmit"/>
</testsuite> <!-- LivePageCheckEmailSubmit -->
